0 info it worked if it ends with ok
<<<<<<< HEAD
1 verbose cli [ '/usr/local/bin/node', '/usr/local/bin/npm', 'start' ]
2 info using npm@2.15.8
3 info using node@v4.4.7
4 verbose config Skipping project config: /Users/G30/.npmrc. (matches userconfig)
5 verbose stack Error: ENOENT: no such file or directory, open '/Users/G30/package.json'
5 verbose stack     at Error (native)
6 verbose cwd /Users/G30/Desktop/Bootcamp/final-project/DashSOS
7 error Darwin 16.3.0
8 error argv "/usr/local/bin/node" "/usr/local/bin/npm" "start"
9 error node v4.4.7
10 error npm  v2.15.8
11 error path /Users/G30/package.json
12 error code ENOENT
13 error errno -2
14 error syscall open
15 error enoent ENOENT: no such file or directory, open '/Users/G30/package.json'
15 error enoent This is most likely not a problem with npm itself
15 error enoent and is related to npm not being able to find a file.
16 verbose exit [ -2, true ]
=======
1 verbose cli [ '/usr/local/bin/node', '/usr/local/bin/npm', 'i' ]
2 info using npm@2.15.8
3 info using node@v4.4.7
4 verbose config Skipping project config: /Users/G30/.npmrc. (matches userconfig)
5 verbose readDependencies loading dependencies from /Users/G30/package.json
6 error install Couldn't read dependencies
7 verbose stack Error: ENOENT: no such file or directory, open '/Users/G30/package.json'
7 verbose stack     at Error (native)
8 verbose cwd /Users/G30/Desktop/Bootcamp/final-project/DashSOS
9 error Darwin 16.3.0
10 error argv "/usr/local/bin/node" "/usr/local/bin/npm" "i"
11 error node v4.4.7
12 error npm  v2.15.8
13 error path /Users/G30/package.json
14 error code ENOPACKAGEJSON
15 error errno -2
16 error syscall open
17 error package.json ENOENT: no such file or directory, open '/Users/G30/package.json'
17 error package.json This is most likely not a problem with npm itself.
17 error package.json npm can't find a package.json file in your current directory.
18 verbose exit [ -2, true ]
>>>>>>> master
